Using pre-set license
Built from '2020.3/staging' branch; Version is '2020.3.16f1 (049d6eca3c44) revision 302446'; Using compiler version '192528614'; Build Type 'Release'
OS: 'Windows 10 Home Single Language; OS build 22463.1000; Version 2009; 64bit' Language: 'en' Physical Memory: 15731 MB
BatchMode: 1, IsHumanControllingUs: 0, StartBugReporterOnCrash: 0, Is64bit: 1, IsPro: 0

 COMMAND LINE ARGUMENTS:
C:\Program Files\Unity\Hub\Editor\2020.3.16f1\Editor\Unity.exe
-adb2
-batchMode
-noUpm
-name
AssetImportWorker0
-projectPath
C:/Users/bagas/Downloads/Match-Three-Zidan-main/Match-Three-Zidan-main/Match Three
-logFile
Logs/AssetImportWorker0.log
-srvPort
64089
Successfully changed project path to: C:/Users/bagas/Downloads/Match-Three-Zidan-main/Match-Three-Zidan-main/Match Three
C:/Users/bagas/Downloads/Match-Three-Zidan-main/Match-Three-Zidan-main/Match Three
Using Asset Import Pipeline V2.
Refreshing native plugins compatible for Editor in 61.49 ms, found 2 plugins.
Preloading 0 native plugins for Editor in 0.00 ms.
Initialize engine version: 2020.3.16f1 (049d6eca3c44)
[Subsystems] Discovering subsystems at path C:/Program Files/Unity/Hub/Editor/2020.3.16f1/Editor/Data/Resources/UnitySubsystems
[Subsystems] Discovering subsystems at path C:/Users/bagas/Downloads/Match-Three-Zidan-main/Match-Three-Zidan-main/Match Three/Assets
GfxDevice: creating device client; threaded=0
Direct3D:
    Version:  Direct3D 11.0 [level 11.1]
    Renderer: NVIDIA GeForce RTX 2060 (ID=0x1f15)
    Vendor:   
    VRAM:     5980 MB
    Driver:   27.21.14.6280
Initialize mono
Mono path[0] = 'C:/Program Files/Unity/Hub/Editor/2020.3.16f1/Editor/Data/Managed'
Mono path[1] = 'C:/Program Files/Unity/Hub/Editor/2020.3.16f1/Editor/Data/MonoBleedingEdge/lib/mono/unityjit'
Mono config path = 'C:/Program Files/Unity/Hub/Editor/2020.3.16f1/Editor/Data/MonoBleedingEdge/etc'
Using monoOptions --debugger-agent=transport=dt_socket,embedding=1,server=y,suspend=n,address=127.0.0.1:56512
Begin MonoManager ReloadAssembly
Registering precompiled unity dll's ...
Register platform support module: C:/Program Files/Unity/Hub/Editor/2020.3.16f1/Editor/Data/PlaybackEngines/WebGLSupport/UnityEditor.WebGL.Extensions.dll
Register platform support module: C:/Program Files/Unity/Hub/Editor/2020.3.16f1/Editor/Data/PlaybackEngines/WindowsStandaloneSupport/UnityEditor.WindowsStandalone.Extensions.dll
Registered in 0.002509 seconds.
Native extension for WindowsStandalone target not found
Native extension for WebGL target not found
Refreshing native plugins compatible for Editor in 48.23 ms, found 2 plugins.
Preloading 0 native plugins for Editor in 0.00 ms.
Mono: successfully reloaded assembly
- Completed reload, in  1.284 seconds
Domain Reload Profiling:
	ReloadAssembly (1284ms)
		BeginReloadAssembly (60ms)
			ExecutionOrderSort (0ms)
			DisableScriptedObjects (0ms)
			BackupInstance (0ms)
			ReleaseScriptingObjects (0ms)
			CreateAndSetChildDomain (1ms)
		EndReloadAssembly (407ms)
			LoadAssemblies (57ms)
			RebuildTransferFunctionScriptingTraits (0ms)
			SetupTypeCache (137ms)
			ReleaseScriptCaches (0ms)
			RebuildScriptCaches (31ms)
			SetupLoadedEditorAssemblies (169ms)
				LogAssemblyErrors (0ms)
				InitializePlatformSupportModulesInManaged (5ms)
				SetLoadedEditorAssemblies (0ms)
				RefreshPlugins (48ms)
				BeforeProcessingInitializeOnLoad (7ms)
				ProcessInitializeOnLoadAttributes (77ms)
				ProcessInitializeOnLoadMethodAttributes (30ms)
				AfterProcessingInitializeOnLoad (0ms)
				EditorAssembliesLoaded (0ms)
			ExecutionOrderSort2 (0ms)
			AwakeInstancesAfterBackupRestoration (0ms)
Platform modules already initialized, skipping
Registering precompiled user dll's ...
Registered in 0.006179 seconds.
Begin MonoManager ReloadAssembly
Native extension for WindowsStandalone target not found
Native extension for WebGL target not found
Refreshing native plugins compatible for Editor in 0.76 ms, found 2 plugins.
Preloading 0 native plugins for Editor in 0.00 ms.
Mono: successfully reloaded assembly
- Completed reload, in  1.182 seconds
Domain Reload Profiling:
	ReloadAssembly (1183ms)
		BeginReloadAssembly (138ms)
			ExecutionOrderSort (0ms)
			DisableScriptedObjects (4ms)
			BackupInstance (0ms)
			ReleaseScriptingObjects (0ms)
			CreateAndSetChildDomain (18ms)
		EndReloadAssembly (983ms)
			LoadAssemblies (94ms)
			RebuildTransferFunctionScriptingTraits (0ms)
			SetupTypeCache (276ms)
			ReleaseScriptCaches (1ms)
			RebuildScriptCaches (50ms)
			SetupLoadedEditorAssemblies (464ms)
				LogAssemblyErrors (0ms)
				InitializePlatformSupportModulesInManaged (6ms)
				SetLoadedEditorAssemblies (0ms)
				RefreshPlugins (1ms)
				BeforeProcessingInitializeOnLoad (73ms)
				ProcessInitializeOnLoadAttributes (341ms)
				ProcessInitializeOnLoadMethodAttributes (36ms)
				AfterProcessingInitializeOnLoad (7ms)
				EditorAssembliesLoaded (0ms)
			ExecutionOrderSort2 (0ms)
			AwakeInstancesAfterBackupRestoration (6ms)
Platform modules already initialized, skipping
========================================================================
Worker process is ready to serve import requests
Launched and connected shader compiler UnityShaderCompiler.exe after 0.10 seconds
Refreshing native plugins compatible for Editor in 0.91 ms, found 2 plugins.
Preloading 0 native plugins for Editor in 0.00 ms.
Unloading 1971 Unused Serialized files (Serialized files now loaded: 0)
System memory in use before: 83.2 MB.
System memory in use after: 83.3 MB.

Unloading 58 unused Assets to reduce memory usage. Loaded Objects now: 2373.
Total: 7.200500 ms (FindLiveObjects: 0.327200 ms CreateObjectMapping: 0.052000 ms MarkObjects: 6.697700 ms  DeleteObjects: 0.121500 ms)

AssetImportParameters requested are different than current active one (requested -> active):
  custom:framework-win-MediaFoundation: 216162199b28c13a410421893ffa2e32 -> 
  custom:video-decoder-ogg-theora: a1e56fd34408186e4bbccfd4996cb3dc -> 
  custom:container-muxer-webm: aa71ff27fc2769a1b78a27578f13a17b -> 
  custom:container-demuxer-webm: 4f35f7cbe854078d1ac9338744f61a02 -> 
  custom:container-demuxer-ogg: 62fdf1f143b41e24485cea50d1cbac27 -> 
  custom:video-encoder-webm-vp8: eb34c28f22e8b96e1ab97ce403110664 -> 
  custom:video-decoder-webm-vp8: 9c59270c3fd7afecdb556c50c9e8de78 -> 
  custom:audio-decoder-ogg-vorbis: bf7c407c2cedff20999df2af8eb42d56 -> 
  custom:audio-encoder-webm-vorbis: bf7c407c2cedff20999df2af8eb42d56 -> 
========================================================================
Received Import Request.
  path: Assets/Prefabs/Tile Prefab.prefab
  artifactKey: Guid(826c570f2dff3774cbf79b22a046b23d) Importer(815301076,1909f56bfc062723c751e8b465ee728b)
Start importing Assets/Prefabs/Tile Prefab.prefab using Guid(826c570f2dff3774cbf79b22a046b23d) Importer(815301076,1909f56bfc062723c751e8b465ee728b)  -> (artifact id: '840b94d0f884c3f897179158cd8b5cf3') in 0.198631 seconds 
  Import took 0.204536 seconds .

========================================================================
Received Import Request.
  Time since last request: 15.700402 seconds.
  path: Assets/Scenes
  artifactKey: Guid(15246deb8836be444bc289f6557f2266) Importer(815301076,1909f56bfc062723c751e8b465ee728b)
Start importing Assets/Scenes using Guid(15246deb8836be444bc289f6557f2266) Importer(815301076,1909f56bfc062723c751e8b465ee728b)  -> (artifact id: '528dd3adc24255747165f9225acafdcf') in 0.010730 seconds 
  Import took 0.014517 seconds .

========================================================================
Received Import Request.
  Time since last request: 0.007761 seconds.
  path: Assets/Scenes
  artifactKey: Guid(15246deb8836be444bc289f6557f2266) Importer(815301076,1909f56bfc062723c751e8b465ee728b)
Start importing Assets/Scenes using Guid(15246deb8836be444bc289f6557f2266) Importer(815301076,1909f56bfc062723c751e8b465ee728b)  -> (artifact id: '528dd3adc24255747165f9225acafdcf') in 0.004268 seconds 
  Import took 0.007845 seconds .

========================================================================
Received Import Request.
  Time since last request: 0.675510 seconds.
  path: Assets/Scenes/sample.unity
  artifactKey: Guid(8d90fee2deb3d9644991aa653ff8d796) Importer(815301076,1909f56bfc062723c751e8b465ee728b)
Start importing Assets/Scenes/sample.unity using Guid(8d90fee2deb3d9644991aa653ff8d796) Importer(815301076,1909f56bfc062723c751e8b465ee728b)  -> (artifact id: '6ae89f36db834f008248e73be60883fe') in 0.013141 seconds 
  Import took 0.016106 seconds .

========================================================================
Received Import Request.
  Time since last request: 2.714596 seconds.
  path: Assets/Sounds/confirmation_001.ogg
  artifactKey: Guid(48dd244af1e89f9429ca5aa4b3e62268) Importer(815301076,1909f56bfc062723c751e8b465ee728b)
Start importing Assets/Sounds/confirmation_001.ogg using Guid(48dd244af1e89f9429ca5aa4b3e62268) Importer(815301076,1909f56bfc062723c751e8b465ee728b)  -> (artifact id: '0451ca69c6bbaee4036f2aeb599cc2f0') in 0.132886 seconds 
  Import took 0.135951 seconds .

========================================================================
Received Import Request.
  Time since last request: 0.000252 seconds.
  path: Assets/Sounds/glass_005.ogg
  artifactKey: Guid(8395b4a4388aa6d41ab2366084381d47) Importer(815301076,1909f56bfc062723c751e8b465ee728b)
Start importing Assets/Sounds/glass_005.ogg using Guid(8395b4a4388aa6d41ab2366084381d47) Importer(815301076,1909f56bfc062723c751e8b465ee728b)  -> (artifact id: 'a51d1698ae558e67786b366c029846a3') in 0.022401 seconds 
  Import took 0.025554 seconds .

========================================================================
Received Import Request.
  Time since last request: 0.000381 seconds.
  path: Assets/Sounds/confirmation_002.ogg
  artifactKey: Guid(6c1a61bbe75d815409eaf3e54660a4cb) Importer(815301076,1909f56bfc062723c751e8b465ee728b)
Start importing Assets/Sounds/confirmation_002.ogg using Guid(6c1a61bbe75d815409eaf3e54660a4cb) Importer(815301076,1909f56bfc062723c751e8b465ee728b)  -> (artifact id: 'ba29e30dd57921ecd67dbf8ff99cf742') in 0.017538 seconds 
  Import took 0.020870 seconds .

========================================================================
Received Import Request.
  Time since last request: 0.000357 seconds.
  path: Assets/Sounds/error_006.ogg
  artifactKey: Guid(7b3846e378b87234c95e55fef93e36f7) Importer(815301076,1909f56bfc062723c751e8b465ee728b)
Start importing Assets/Sounds/error_006.ogg using Guid(7b3846e378b87234c95e55fef93e36f7) Importer(815301076,1909f56bfc062723c751e8b465ee728b)  -> (artifact id: '48b3a5284e3af92360aabd8bc22033d2') in 0.018578 seconds 
  Import took 0.021704 seconds .

========================================================================
Received Import Request.
  Time since last request: 0.366778 seconds.
  path: Assets/Sprites/tileAutumn_full.png
  artifactKey: Guid(573b2b73409f6c2439667d633f0d5bad) Importer(815301076,1909f56bfc062723c751e8b465ee728b)
Start importing Assets/Sprites/tileAutumn_full.png using Guid(573b2b73409f6c2439667d633f0d5bad) Importer(815301076,1909f56bfc062723c751e8b465ee728b)  -> (artifact id: '86c292577b1a1a63dcc06bfd144a691b') in 0.039442 seconds 
  Import took 0.042428 seconds .

========================================================================
Received Import Request.
  Time since last request: 0.000273 seconds.
  path: Assets/Sprites/tileMagic_full.png
  artifactKey: Guid(89cd4eec2dd582149ac5b0d1fed681a9) Importer(815301076,1909f56bfc062723c751e8b465ee728b)
Start importing Assets/Sprites/tileMagic_full.png using Guid(89cd4eec2dd582149ac5b0d1fed681a9) Importer(815301076,1909f56bfc062723c751e8b465ee728b)  -> (artifact id: '4a57dfd2a4a7275708f1fcfd7e46b21a') in 0.023045 seconds 
  Import took 0.026890 seconds .

========================================================================
Received Import Request.
  Time since last request: 0.000431 seconds.
  path: Assets/Sprites/tileDirt_full.png
  artifactKey: Guid(6ca80b21fb7481345959200718134c6b) Importer(815301076,1909f56bfc062723c751e8b465ee728b)
Start importing Assets/Sprites/tileDirt_full.png using Guid(6ca80b21fb7481345959200718134c6b) Importer(815301076,1909f56bfc062723c751e8b465ee728b)  -> (artifact id: '13aad80cfd8a2c04d27762b5b1990249') in 0.021140 seconds 
  Import took 0.024123 seconds .

========================================================================
Received Import Request.
  Time since last request: 0.000367 seconds.
  path: Assets/Sprites/tileLava_full.png
  artifactKey: Guid(94b8631b5c8ab894a80a9f340128259b) Importer(815301076,1909f56bfc062723c751e8b465ee728b)
Start importing Assets/Sprites/tileLava_full.png using Guid(94b8631b5c8ab894a80a9f340128259b) Importer(815301076,1909f56bfc062723c751e8b465ee728b)  -> (artifact id: '28529a8b6f44c8060e245bb3667fb024') in 0.025633 seconds 
  Import took 0.028650 seconds .

========================================================================
Received Import Request.
  Time since last request: 0.000420 seconds.
  path: Assets/Sprites/tileSand_full.png
  artifactKey: Guid(94e3a2ba9f668b24db8a6d688fd97e13) Importer(815301076,1909f56bfc062723c751e8b465ee728b)
Start importing Assets/Sprites/tileSand_full.png using Guid(94e3a2ba9f668b24db8a6d688fd97e13) Importer(815301076,1909f56bfc062723c751e8b465ee728b)  -> (artifact id: '4123b2a66130fa6c6470bcf9e740da8b') in 0.022170 seconds 
  Import took 0.025261 seconds .

========================================================================
Received Import Request.
  Time since last request: 0.000239 seconds.
  path: Assets/Sprites/tileRock_full.png
  artifactKey: Guid(cc33bf6a5f803f54aac91fccbb80d4aa) Importer(815301076,1909f56bfc062723c751e8b465ee728b)
Start importing Assets/Sprites/tileRock_full.png using Guid(cc33bf6a5f803f54aac91fccbb80d4aa) Importer(815301076,1909f56bfc062723c751e8b465ee728b)  -> (artifact id: '03d4303d90c02fe37fa5c18efd7bf1f1') in 0.022930 seconds 
  Import took 0.025982 seconds .

========================================================================
Received Import Request.
  Time since last request: 0.000251 seconds.
  path: Assets/Sprites/tileWater_full.png
  artifactKey: Guid(86f93ec263c5f1e4d82cec18067a7f18) Importer(815301076,1909f56bfc062723c751e8b465ee728b)
Start importing Assets/Sprites/tileWater_full.png using Guid(86f93ec263c5f1e4d82cec18067a7f18) Importer(815301076,1909f56bfc062723c751e8b465ee728b)  -> (artifact id: 'ce0113119a040d27cc1e9267b967513f') in 0.022172 seconds 
  Import took 0.025513 seconds .

========================================================================
Received Import Request.
  Time since last request: 0.000292 seconds.
  path: Assets/Sprites/tileGrass_full.png
  artifactKey: Guid(f85c4a6ad439aad4fae3c8418163803d) Importer(815301076,1909f56bfc062723c751e8b465ee728b)
Start importing Assets/Sprites/tileGrass_full.png using Guid(f85c4a6ad439aad4fae3c8418163803d) Importer(815301076,1909f56bfc062723c751e8b465ee728b)  -> (artifact id: '8cc13c0820037d95d47a2aa8c5dc9d7d') in 0.022265 seconds 
  Import took 0.025288 seconds .

========================================================================
Received Import Request.
  Time since last request: 0.000396 seconds.
  path: Assets/Sprites/tileStone_full.png
  artifactKey: Guid(deb3eba01e1233345b3613f6acf0ff2f) Importer(815301076,1909f56bfc062723c751e8b465ee728b)
Start importing Assets/Sprites/tileStone_full.png using Guid(deb3eba01e1233345b3613f6acf0ff2f) Importer(815301076,1909f56bfc062723c751e8b465ee728b)  -> (artifact id: '40c8fb771ee7273455621e423f495e22') in 0.020400 seconds 
  Import took 0.023568 seconds .

========================================================================
Received Prepare
Refreshing native plugins compatible for Editor in 12.41 ms, found 2 plugins.
Preloading 0 native plugins for Editor in 0.00 ms.
Unloading 47 Unused Serialized files (Serialized files now loaded: 0)
System memory in use before: 46.9 MB.
System memory in use after: 47.0 MB.

Unloading 47 unused Assets to reduce memory usage. Loaded Objects now: 2385.
Total: 6.836600 ms (FindLiveObjects: 0.202000 ms CreateObjectMapping: 0.045100 ms MarkObjects: 6.547500 ms  DeleteObjects: 0.040000 ms)

AssetImportParameters requested are different than current active one (requested -> active):
  custom:framework-win-MediaFoundation: 216162199b28c13a410421893ffa2e32 -> 
  custom:video-decoder-ogg-theora: a1e56fd34408186e4bbccfd4996cb3dc -> 
  custom:container-muxer-webm: aa71ff27fc2769a1b78a27578f13a17b -> 
  custom:container-demuxer-webm: 4f35f7cbe854078d1ac9338744f61a02 -> 
  custom:container-demuxer-ogg: 62fdf1f143b41e24485cea50d1cbac27 -> 
  custom:video-encoder-webm-vp8: eb34c28f22e8b96e1ab97ce403110664 -> 
  custom:video-decoder-webm-vp8: 9c59270c3fd7afecdb556c50c9e8de78 -> 
  custom:audio-decoder-ogg-vorbis: bf7c407c2cedff20999df2af8eb42d56 -> 
  custom:audio-encoder-webm-vorbis: bf7c407c2cedff20999df2af8eb42d56 -> 
========================================================================
Received Prepare
Registering precompiled user dll's ...
Registered in 0.005008 seconds.
Begin MonoManager ReloadAssembly
Native extension for WindowsStandalone target not found
Native extension for WebGL target not found
Refreshing native plugins compatible for Editor in 0.71 ms, found 2 plugins.
Preloading 0 native plugins for Editor in 0.00 ms.
Mono: successfully reloaded assembly
- Completed reload, in  1.045 seconds
Domain Reload Profiling:
	ReloadAssembly (1046ms)
		BeginReloadAssembly (114ms)
			ExecutionOrderSort (0ms)
			DisableScriptedObjects (5ms)
			BackupInstance (0ms)
			ReleaseScriptingObjects (0ms)
			CreateAndSetChildDomain (33ms)
		EndReloadAssembly (873ms)
			LoadAssemblies (85ms)
			RebuildTransferFunctionScriptingTraits (0ms)
			SetupTypeCache (266ms)
			ReleaseScriptCaches (1ms)
			RebuildScriptCaches (38ms)
			SetupLoadedEditorAssemblies (384ms)
				LogAssemblyErrors (0ms)
				InitializePlatformSupportModulesInManaged (5ms)
				SetLoadedEditorAssemblies (0ms)
				RefreshPlugins (1ms)
				BeforeProcessingInitializeOnLoad (58ms)
				ProcessInitializeOnLoadAttributes (283ms)
				ProcessInitializeOnLoadMethodAttributes (30ms)
				AfterProcessingInitializeOnLoad (7ms)
				EditorAssembliesLoaded (0ms)
			ExecutionOrderSort2 (0ms)
			AwakeInstancesAfterBackupRestoration (8ms)
Platform modules already initialized, skipping
Refreshing native plugins compatible for Editor in 0.72 ms, found 2 plugins.
Preloading 0 native plugins for Editor in 0.00 ms.
Unloading 1954 Unused Serialized files (Serialized files now loaded: 0)
System memory in use before: 85.0 MB.
System memory in use after: 85.1 MB.

Unloading 49 unused Assets to reduce memory usage. Loaded Objects now: 2387.
Total: 6.522500 ms (FindLiveObjects: 0.218900 ms CreateObjectMapping: 0.042700 ms MarkObjects: 6.211700 ms  DeleteObjects: 0.047100 ms)

AssetImportParameters requested are different than current active one (requested -> active):
  custom:framework-win-MediaFoundation: 216162199b28c13a410421893ffa2e32 -> 
  custom:video-decoder-ogg-theora: a1e56fd34408186e4bbccfd4996cb3dc -> 
  custom:container-muxer-webm: aa71ff27fc2769a1b78a27578f13a17b -> 
  custom:container-demuxer-webm: 4f35f7cbe854078d1ac9338744f61a02 -> 
  custom:container-demuxer-ogg: 62fdf1f143b41e24485cea50d1cbac27 -> 
  custom:video-encoder-webm-vp8: eb34c28f22e8b96e1ab97ce403110664 -> 
  custom:video-decoder-webm-vp8: 9c59270c3fd7afecdb556c50c9e8de78 -> 
  custom:audio-decoder-ogg-vorbis: bf7c407c2cedff20999df2af8eb42d56 -> 
  custom:audio-encoder-webm-vorbis: bf7c407c2cedff20999df2af8eb42d56 -> 
========================================================================
Received Prepare
Registering precompiled user dll's ...
Registered in 0.005886 seconds.
Begin MonoManager ReloadAssembly
Native extension for WindowsStandalone target not found
Native extension for WebGL target not found
Refreshing native plugins compatible for Editor in 0.83 ms, found 2 plugins.
Preloading 0 native plugins for Editor in 0.00 ms.
Mono: successfully reloaded assembly
- Completed reload, in  1.102 seconds
Domain Reload Profiling:
	ReloadAssembly (1102ms)
		BeginReloadAssembly (114ms)
			ExecutionOrderSort (0ms)
			DisableScriptedObjects (7ms)
			BackupInstance (0ms)
			ReleaseScriptingObjects (0ms)
			CreateAndSetChildDomain (37ms)
		EndReloadAssembly (921ms)
			LoadAssemblies (89ms)
			RebuildTransferFunctionScriptingTraits (0ms)
			SetupTypeCache (266ms)
			ReleaseScriptCaches (1ms)
			RebuildScriptCaches (37ms)
			SetupLoadedEditorAssemblies (437ms)
				LogAssemblyErrors (0ms)
				InitializePlatformSupportModulesInManaged (6ms)
				SetLoadedEditorAssemblies (1ms)
				RefreshPlugins (1ms)
				BeforeProcessingInitializeOnLoad (66ms)
				ProcessInitializeOnLoadAttributes (320ms)
				ProcessInitializeOnLoadMethodAttributes (35ms)
				AfterProcessingInitializeOnLoad (8ms)
				EditorAssembliesLoaded (0ms)
			ExecutionOrderSort2 (0ms)
			AwakeInstancesAfterBackupRestoration (6ms)
Platform modules already initialized, skipping
Refreshing native plugins compatible for Editor in 0.72 ms, found 2 plugins.
Preloading 0 native plugins for Editor in 0.00 ms.
Unloading 1954 Unused Serialized files (Serialized files now loaded: 0)
System memory in use before: 85.0 MB.
System memory in use after: 85.1 MB.

Unloading 49 unused Assets to reduce memory usage. Loaded Objects now: 2389.
Total: 6.463800 ms (FindLiveObjects: 0.225800 ms CreateObjectMapping: 0.045700 ms MarkObjects: 6.145600 ms  DeleteObjects: 0.044200 ms)

AssetImportParameters requested are different than current active one (requested -> active):
  custom:framework-win-MediaFoundation: 216162199b28c13a410421893ffa2e32 -> 
  custom:video-decoder-ogg-theora: a1e56fd34408186e4bbccfd4996cb3dc -> 
  custom:container-muxer-webm: aa71ff27fc2769a1b78a27578f13a17b -> 
  custom:container-demuxer-webm: 4f35f7cbe854078d1ac9338744f61a02 -> 
  custom:container-demuxer-ogg: 62fdf1f143b41e24485cea50d1cbac27 -> 
  custom:video-encoder-webm-vp8: eb34c28f22e8b96e1ab97ce403110664 -> 
  custom:video-decoder-webm-vp8: 9c59270c3fd7afecdb556c50c9e8de78 -> 
  custom:audio-decoder-ogg-vorbis: bf7c407c2cedff20999df2af8eb42d56 -> 
  custom:audio-encoder-webm-vorbis: bf7c407c2cedff20999df2af8eb42d56 -> 
========================================================================
Received Prepare
Refreshing native plugins compatible for Editor in 12.82 ms, found 2 plugins.
Preloading 0 native plugins for Editor in 0.00 ms.
Unloading 47 Unused Serialized files (Serialized files now loaded: 0)
System memory in use before: 46.7 MB.
System memory in use after: 46.9 MB.

Unloading 47 unused Assets to reduce memory usage. Loaded Objects now: 2389.
Total: 6.435300 ms (FindLiveObjects: 0.214900 ms CreateObjectMapping: 0.042800 ms MarkObjects: 6.134400 ms  DeleteObjects: 0.041600 ms)

AssetImportParameters requested are different than current active one (requested -> active):
  custom:framework-win-MediaFoundation: 216162199b28c13a410421893ffa2e32 -> 
  custom:video-decoder-ogg-theora: a1e56fd34408186e4bbccfd4996cb3dc -> 
  custom:container-muxer-webm: aa71ff27fc2769a1b78a27578f13a17b -> 
  custom:container-demuxer-webm: 4f35f7cbe854078d1ac9338744f61a02 -> 
  custom:container-demuxer-ogg: 62fdf1f143b41e24485cea50d1cbac27 -> 
  custom:video-encoder-webm-vp8: eb34c28f22e8b96e1ab97ce403110664 -> 
  custom:video-decoder-webm-vp8: 9c59270c3fd7afecdb556c50c9e8de78 -> 
  custom:audio-decoder-ogg-vorbis: bf7c407c2cedff20999df2af8eb42d56 -> 
  custom:audio-encoder-webm-vorbis: bf7c407c2cedff20999df2af8eb42d56 -> 
AssetImportWorkerClient::OnTransportError - code=2 error=End of file
